TN:
SF:app.js
FN:32,(anonymous_0)
FN:37,(anonymous_1)
FNF:2
FNH:2
FNDA:2,(anonymous_0)
FNDA:51,(anonymous_1)
DA:5,5
DA:6,5
DA:8,5
DA:10,5
DA:11,5
DA:12,5
DA:13,5
DA:14,5
DA:16,5
DA:18,5
DA:20,5
DA:21,5
DA:22,5
DA:23,5
DA:25,5
DA:26,5
DA:27,5
DA:28,5
DA:32,5
DA:33,2
DA:37,5
DA:38,51
DA:39,51
DA:40,51
DA:42,51
DA:47,5
LF:26
LH:26
BRDA:38,0,0,1
BRDA:38,0,1,50
BRDA:39,1,0,51
BRDA:39,1,1,2
BRF:4
BRH:4
end_of_record
TN:
SF:config.js
FN:13,getDatabaseUri
FNF:1
FNH:1
FNDA:22,getDatabaseUri
DA:5,11
DA:6,11
DA:8,11
DA:10,11
DA:14,22
DA:22,11
DA:24,11
DA:25,11
DA:26,11
DA:27,11
DA:28,11
DA:29,11
DA:31,11
LF:13
LH:13
BRDA:8,0,0,11
BRDA:8,0,1,10
BRDA:10,1,0,11
BRDA:10,1,1,10
BRDA:14,2,0,19
BRDA:14,2,1,3
BRDA:16,3,0,3
BRDA:16,3,1,1
BRDA:22,4,0,10
BRDA:22,4,1,1
BRF:10
BRH:10
end_of_record
TN:
SF:db.js
FNF:0
FNH:0
DA:5,8
DA:6,8
DA:8,8
DA:12,8
DA:14,8
LF:5
LH:5
BRF:0
BRH:0
end_of_record
TN:
SF:expressError.js
FN:8,(anonymous_0)
FN:18,(anonymous_1)
FN:26,(anonymous_2)
FN:34,(anonymous_3)
FN:42,(anonymous_4)
FNF:5
FNH:4
FNDA:72,(anonymous_0)
FNDA:20,(anonymous_1)
FNDA:28,(anonymous_2)
FNDA:24,(anonymous_3)
FNDA:0,(anonymous_4)
DA:9,72
DA:10,72
DA:11,72
DA:19,20
DA:27,28
DA:35,24
DA:43,0
DA:47,10
LF:8
LH:7
BRDA:18,0,0,2
BRDA:26,1,0,24
BRDA:34,2,0,0
BRDA:42,3,0,0
BRF:4
BRH:2
end_of_record
TN:
SF:helpers/sql.js
FN:19,sqlForPartialUpdate
FN:24,(anonymous_1)
FNF:2
FNH:2
FNDA:21,sqlForPartialUpdate
FNDA:32,(anonymous_1)
DA:1,9
DA:20,21
DA:21,21
DA:24,17
DA:25,32
DA:28,17
DA:34,9
LF:7
LH:7
BRDA:21,0,0,4
BRDA:21,0,1,17
BRDA:25,1,0,32
BRDA:25,1,1,17
BRF:4
BRH:4
end_of_record
TN:
SF:helpers/tokens.js
FN:6,createToken
FNF:1
FNH:1
FNDA:19,createToken
DA:1,6
DA:2,6
DA:7,19
DA:10,19
DA:15,19
DA:18,6
LF:6
LH:6
BRDA:12,0,0,19
BRDA:12,0,1,13
BRF:2
BRH:2
end_of_record
TN:
SF:middleware/auth.js
FN:18,authenticateJWT
FN:36,ensureLoggedIn
FN:46,ensureAdmin
FN:58,ensureAdminOrCorrectUser
FNF:4
FNH:4
FNDA:81,authenticateJWT
FNDA:2,ensureLoggedIn
FNDA:40,ensureAdmin
FNDA:21,ensureAdminOrCorrectUser
DA:5,6
DA:6,6
DA:7,6
DA:19,81
DA:20,81
DA:21,81
DA:22,49
DA:23,49
DA:25,80
DA:27,1
DA:37,2
DA:38,1
DA:47,40
DA:48,15
DA:50,25
DA:59,21
DA:63,21
DA:64,8
DA:66,13
DA:69,6
LF:20
LH:20
BRDA:20,0,0,81
BRDA:20,0,1,80
BRDA:21,1,0,49
BRDA:21,1,1,32
BRDA:37,2,0,1
BRDA:37,2,1,1
BRDA:47,3,0,15
BRDA:47,3,1,25
BRDA:47,4,0,40
BRDA:47,4,1,34
BRDA:63,5,0,8
BRDA:63,5,1,13
BRDA:63,6,0,21
BRDA:63,6,1,17
BRDA:63,6,2,8
BRF:15
BRH:15
end_of_record
TN:
SF:models/_testCommon.js
FN:8,commonBeforeAll
FN:48,commonBeforeEach
FN:52,commonAfterEach
FN:56,commonAfterAll
FNF:4
FNH:4
FNDA:3,commonBeforeAll
FNDA:45,commonBeforeEach
FNDA:45,commonAfterEach
FNDA:3,commonAfterAll
DA:1,3
DA:3,3
DA:4,3
DA:6,3
DA:10,3
DA:12,3
DA:14,3
DA:20,3
DA:34,3
DA:43,3
DA:44,12
DA:49,45
DA:53,45
DA:57,3
DA:61,3
LF:15
LH:15
BRF:0
BRH:0
end_of_record
TN:
SF:models/company.js
FN:19,(anonymous_0)
FN:99,(anonymous_1)
FN:123,(anonymous_2)
FN:166,(anonymous_3)
FN:193,(anonymous_4)
FNF:5
FNH:5
FNDA:16,(anonymous_0)
FNDA:10,(anonymous_1)
FNDA:5,(anonymous_2)
FNDA:6,(anonymous_3)
FNDA:4,(anonymous_4)
DA:3,6
DA:4,6
DA:5,6
DA:20,16
DA:26,16
DA:27,1
DA:29,15
DA:47,15
DA:49,15
DA:62,10
DA:64,10
DA:65,1
DA:68,9
DA:69,9
DA:71,9
DA:72,4
DA:73,4
DA:75,9
DA:76,3
DA:77,3
DA:79,9
DA:80,3
DA:81,3
DA:84,9
DA:85,9
DA:86,6
DA:89,9
DA:101,10
DA:103,9
DA:112,8
DA:124,5
DA:134,5
DA:136,5
DA:138,3
DA:149,3
DA:151,3
DA:167,6
DA:173,5
DA:175,5
DA:180,5
DA:181,5
DA:183,5
DA:185,3
DA:194,4
DA:200,4
DA:202,4
DA:207,6
LF:47
LH:47
BRDA:26,0,0,1
BRDA:26,0,1,15
BRDA:64,1,0,1
BRDA:64,1,1,9
BRDA:71,2,0,4
BRDA:71,2,1,5
BRDA:75,3,0,3
BRDA:75,3,1,6
BRDA:79,4,0,3
BRDA:79,4,1,6
BRDA:85,5,0,6
BRDA:85,5,1,3
BRDA:99,6,0,1
BRDA:136,7,0,2
BRDA:136,7,1,3
BRDA:183,8,0,2
BRDA:183,8,1,3
BRDA:202,9,0,2
BRDA:202,9,1,2
BRF:19
BRH:19
end_of_record
TN:
SF:models/job.js
FN:17,(anonymous_0)
FN:73,(anonymous_1)
FN:96,(anonymous_2)
FN:126,(anonymous_3)
FN:154,(anonymous_4)
FNF:5
FNH:5
FNDA:18,(anonymous_0)
FNDA:9,(anonymous_1)
FNDA:4,(anonymous_2)
FNDA:5,(anonymous_3)
FNDA:4,(anonymous_4)
DA:3,6
DA:4,6
DA:5,6
DA:18,18
DA:27,18
DA:29,18
DA:41,9
DA:43,9
DA:44,9
DA:46,9
DA:47,3
DA:48,3
DA:50,9
DA:51,4
DA:52,4
DA:54,9
DA:55,4
DA:58,9
DA:59,9
DA:60,7
DA:63,9
DA:75,9
DA:77,9
DA:86,9
DA:97,4
DA:107,4
DA:109,4
DA:111,2
DA:127,5
DA:130,4
DA:132,4
DA:141,4
DA:142,4
DA:144,4
DA:146,2
DA:155,4
DA:161,4
DA:163,4
DA:167,6
LF:39
LH:39
BRDA:46,0,0,3
BRDA:46,0,1,6
BRDA:50,1,0,4
BRDA:50,1,1,5
BRDA:54,2,0,4
BRDA:54,2,1,5
BRDA:59,3,0,7
BRDA:59,3,1,2
BRDA:73,4,0,1
BRDA:109,5,0,2
BRDA:109,5,1,2
BRDA:144,6,0,2
BRDA:144,6,1,2
BRDA:163,7,0,2
BRDA:163,7,1,2
BRF:15
BRH:15
end_of_record
TN:
SF:models/user.js
FN:24,(anonymous_0)
FN:59,(anonymous_1)
FN:104,(anonymous_2)
FN:126,(anonymous_3)
FN:162,(anonymous_4)
FN:195,(anonymous_5)
FNF:6
FNH:6
FNDA:7,(anonymous_0)
FNDA:19,(anonymous_1)
FNDA:3,(anonymous_2)
FNDA:5,(anonymous_3)
FNDA:8,(anonymous_4)
FNDA:5,(anonymous_5)
DA:3,6
DA:4,6
DA:5,6
DA:10,6
DA:12,6
DA:26,7
DA:38,7
DA:40,7
DA:42,4
DA:43,4
DA:44,3
DA:45,3
DA:49,4
DA:61,19
DA:68,19
DA:69,1
DA:72,18
DA:74,18
DA:94,18
DA:96,18
DA:105,3
DA:115,2
DA:127,5
DA:138,5
DA:140,5
DA:142,3
DA:163,8
DA:164,2
DA:167,8
DA:174,7
DA:176,7
DA:184,7
DA:185,7
DA:187,7
DA:189,5
DA:190,5
DA:196,5
DA:203,5
DA:205,5
DA:210,6
LF:40
LH:40
BRDA:40,0,0,4
BRDA:40,0,1,3
BRDA:43,1,0,3
BRDA:43,1,1,1
BRDA:68,2,0,1
BRDA:68,2,1,18
BRDA:140,3,0,2
BRDA:140,3,1,3
BRDA:163,4,0,2
BRDA:163,4,1,6
BRDA:187,5,0,2
BRDA:187,5,1,5
BRDA:205,6,0,2
BRDA:205,6,1,3
BRF:14
BRH:14
end_of_record
TN:
SF:routes/_testCommon.js
FN:11,commonBeforeAll
FN:98,commonBeforeEach
FN:102,commonAfterEach
FN:106,commonAfterAll
FNF:4
FNH:4
FNDA:4,commonBeforeAll
FNDA:76,commonBeforeEach
FNDA:76,commonAfterEach
FNDA:4,commonAfterAll
DA:3,4
DA:4,4
DA:5,4
DA:6,4
DA:7,4
DA:9,4
DA:13,4
DA:15,4
DA:17,4
DA:25,4
DA:33,4
DA:42,4
DA:50,4
DA:58,4
DA:67,4
DA:73,4
DA:79,4
DA:85,4
DA:92,4
DA:93,4
DA:94,4
DA:95,4
DA:99,76
DA:103,76
DA:107,4
DA:111,4
DA:112,4
DA:113,4
DA:116,4
LF:29
LH:29
BRF:0
BRH:0
end_of_record
TN:
SF:routes/auth.js
FN:22,(anonymous_0)
FN:29,(anonymous_1)
FN:49,(anonymous_2)
FN:56,(anonymous_3)
FNF:4
FNH:4
FNDA:5,(anonymous_0)
FNDA:2,(anonymous_1)
FNDA:3,(anonymous_2)
FNDA:5,(anonymous_3)
DA:5,5
DA:7,5
DA:8,5
DA:9,5
DA:10,5
DA:11,5
DA:12,5
DA:13,5
DA:22,5
DA:23,5
DA:28,5
DA:29,2
DA:30,2
DA:33,3
DA:34,3
DA:35,1
DA:36,1
DA:49,5
DA:50,3
DA:55,3
DA:56,5
DA:57,2
DA:60,1
DA:61,1
DA:62,1
DA:66,5
LF:26
LH:26
BRDA:28,0,0,2
BRDA:28,0,1,3
BRDA:55,1,0,2
BRDA:55,1,1,1
BRF:4
BRH:4
end_of_record
TN:
SF:routes/companies.js
FN:28,(anonymous_0)
FN:35,(anonymous_1)
FN:54,(anonymous_2)
FN:70,(anonymous_3)
FN:85,(anonymous_4)
FN:101,(anonymous_5)
FN:108,(anonymous_6)
FN:121,(anonymous_7)
FNF:8
FNH:8
FNDA:3,(anonymous_0)
FNDA:3,(anonymous_1)
FNDA:5,(anonymous_2)
FNDA:1,(anonymous_3)
FNDA:3,(anonymous_4)
FNDA:4,(anonymous_5)
FNDA:2,(anonymous_6)
FNDA:2,(anonymous_7)
DA:5,5
DA:6,5
DA:8,5
DA:9,5
DA:10,5
DA:12,5
DA:13,5
DA:14,5
DA:16,5
DA:28,5
DA:29,3
DA:34,3
DA:35,3
DA:36,2
DA:39,1
DA:40,1
DA:54,5
DA:55,5
DA:57,5
DA:58,1
DA:60,5
DA:61,1
DA:64,5
DA:69,5
DA:70,1
DA:71,1
DA:73,4
DA:74,3
DA:85,5
DA:86,3
DA:87,2
DA:101,5
DA:102,4
DA:107,4
DA:108,2
DA:109,2
DA:112,2
DA:113,1
DA:121,5
DA:122,2
DA:123,1
DA:127,5
LF:42
LH:42
BRDA:34,0,0,2
BRDA:34,0,1,1
BRDA:57,1,0,1
BRDA:57,1,1,4
BRDA:60,2,0,1
BRDA:60,2,1,4
BRDA:69,3,0,1
BRDA:69,3,1,4
BRDA:107,4,0,2
BRDA:107,4,1,2
BRF:10
BRH:10
end_of_record
TN:
SF:routes/jobs.js
FN:28,(anonymous_0)
FN:35,(anonymous_1)
FN:54,(anonymous_2)
FN:70,(anonymous_3)
FN:84,(anonymous_4)
FN:100,(anonymous_5)
FN:107,(anonymous_6)
FN:120,(anonymous_7)
FNF:8
FNH:8
FNDA:3,(anonymous_0)
FNDA:3,(anonymous_1)
FNDA:4,(anonymous_2)
FNDA:1,(anonymous_3)
FNDA:2,(anonymous_4)
FNDA:4,(anonymous_5)
FNDA:2,(anonymous_6)
FNDA:2,(anonymous_7)
DA:6,5
DA:7,5
DA:9,5
DA:10,5
DA:11,5
DA:13,5
DA:14,5
DA:15,5
DA:17,5
DA:28,5
DA:29,3
DA:34,3
DA:35,3
DA:36,2
DA:39,1
DA:40,1
DA:54,5
DA:55,4
DA:57,4
DA:58,2
DA:60,4
DA:61,1
DA:64,4
DA:69,4
DA:70,1
DA:71,1
DA:73,3
DA:74,3
DA:84,5
DA:85,2
DA:86,1
DA:100,5
DA:101,4
DA:106,4
DA:107,2
DA:108,2
DA:111,2
DA:112,1
DA:120,5
DA:121,2
DA:122,1
DA:126,5
LF:42
LH:42
BRDA:34,0,0,2
BRDA:34,0,1,1
BRDA:57,1,0,2
BRDA:57,1,1,2
BRDA:60,2,0,1
BRDA:60,2,1,3
BRDA:69,3,0,1
BRDA:69,3,1,3
BRDA:106,4,0,2
BRDA:106,4,1,2
BRF:10
BRH:10
end_of_record
TN:
SF:routes/users.js
FN:30,(anonymous_0)
FN:37,(anonymous_1)
FN:54,(anonymous_2)
FN:67,(anonymous_3)
FN:83,(anonymous_4)
FN:90,(anonymous_5)
FN:104,(anonymous_6)
FNF:7
FNH:7
FNDA:4,(anonymous_0)
FNDA:5,(anonymous_1)
FNDA:2,(anonymous_2)
FNDA:3,(anonymous_3)
FNDA:5,(anonymous_4)
FNDA:1,(anonymous_5)
FNDA:3,(anonymous_6)
DA:5,5
DA:7,5
DA:8,5
DA:9,5
DA:10,5
DA:11,5
DA:12,5
DA:13,5
DA:15,5
DA:30,5
DA:31,4
DA:36,4
DA:37,5
DA:38,2
DA:41,2
DA:42,2
DA:43,2
DA:54,5
DA:55,2
DA:56,1
DA:67,5
DA:68,3
DA:69,2
DA:83,5
DA:84,5
DA:89,5
DA:90,1
DA:91,1
DA:94,4
DA:95,3
DA:104,5
DA:105,3
DA:106,2
DA:110,5
LF:34
LH:34
BRDA:36,0,0,2
BRDA:36,0,1,2
BRDA:89,1,0,1
BRDA:89,1,1,4
BRF:4
BRH:4
end_of_record
