TN:
SF:app.js
FN:32,(anonymous_0)
FN:37,(anonymous_1)
FNF:2
FNH:2
FNDA:2,(anonymous_0)
FNDA:54,(anonymous_1)
DA:5,5
DA:6,5
DA:8,5
DA:10,5
DA:11,5
DA:12,5
DA:13,5
DA:14,5
DA:16,5
DA:18,5
DA:20,5
DA:21,5
DA:22,5
DA:23,5
DA:25,5
DA:26,5
DA:27,5
DA:28,5
DA:32,5
DA:33,2
DA:37,5
DA:38,54
DA:39,54
DA:40,54
DA:42,54
DA:47,5
LF:26
LH:26
BRDA:38,0,0,1
BRDA:38,0,1,53
BRDA:39,1,0,54
BRDA:39,1,1,2
BRF:4
BRH:4
end_of_record
TN:
SF:config.js
FN:13,getDatabaseUri
FNF:1
FNH:1
FNDA:22,getDatabaseUri
DA:5,11
DA:6,11
DA:8,11
DA:10,11
DA:14,22
DA:22,11
DA:24,11
DA:25,11
DA:26,11
DA:27,11
DA:28,11
DA:29,11
DA:31,11
LF:13
LH:13
BRDA:8,0,0,11
BRDA:8,0,1,10
BRDA:10,1,0,11
BRDA:10,1,1,10
BRDA:14,2,0,19
BRDA:14,2,1,3
BRDA:16,3,0,3
BRDA:16,3,1,1
BRDA:22,4,0,10
BRDA:22,4,1,1
BRF:10
BRH:10
end_of_record
TN:
SF:db.js
FNF:0
FNH:0
DA:5,8
DA:6,8
DA:8,8
DA:12,8
DA:14,8
LF:5
LH:5
BRF:0
BRH:0
end_of_record
TN:
SF:expressError.js
FN:8,(anonymous_0)
FN:18,(anonymous_1)
FN:26,(anonymous_2)
FN:34,(anonymous_3)
FNF:4
FNH:4
FNDA:77,(anonymous_0)
FNDA:24,(anonymous_1)
FNDA:29,(anonymous_2)
FNDA:24,(anonymous_3)
DA:9,77
DA:10,77
DA:11,77
DA:19,24
DA:27,29
DA:35,24
DA:47,10
LF:7
LH:7
BRDA:18,0,0,2
BRDA:26,1,0,25
BRF:2
BRH:2
end_of_record
TN:
SF:helpers/sql.js
FN:19,sqlForPartialUpdate
FN:24,(anonymous_1)
FNF:2
FNH:2
FNDA:21,sqlForPartialUpdate
FNDA:32,(anonymous_1)
DA:1,9
DA:20,21
DA:21,21
DA:24,17
DA:25,32
DA:28,17
DA:34,9
LF:7
LH:7
BRDA:21,0,0,4
BRDA:21,0,1,17
BRDA:25,1,0,32
BRDA:25,1,1,17
BRF:4
BRH:4
end_of_record
TN:
SF:helpers/tokens.js
FN:6,createToken
FNF:1
FNH:1
FNDA:19,createToken
DA:1,6
DA:2,6
DA:7,19
DA:10,19
DA:15,19
DA:18,6
LF:6
LH:6
BRDA:12,0,0,19
BRDA:12,0,1,13
BRF:2
BRH:2
end_of_record
TN:
SF:middleware/auth.js
FN:18,authenticateJWT
FN:36,ensureLoggedIn
FN:46,ensureAdmin
FN:58,ensureAdminOrCorrectUser
FNF:4
FNH:4
FNDA:86,authenticateJWT
FNDA:2,ensureLoggedIn
FNDA:40,ensureAdmin
FNDA:26,ensureAdminOrCorrectUser
DA:5,6
DA:6,6
DA:7,6
DA:19,86
DA:20,86
DA:21,86
DA:22,54
DA:23,54
DA:25,85
DA:27,1
DA:37,2
DA:38,1
DA:47,40
DA:48,15
DA:50,25
DA:59,26
DA:63,26
DA:64,9
DA:66,17
DA:69,6
LF:20
LH:20
BRDA:20,0,0,86
BRDA:20,0,1,85
BRDA:21,1,0,54
BRDA:21,1,1,32
BRDA:37,2,0,1
BRDA:37,2,1,1
BRDA:47,3,0,15
BRDA:47,3,1,25
BRDA:47,4,0,40
BRDA:47,4,1,34
BRDA:63,5,0,9
BRDA:63,5,1,17
BRDA:63,6,0,26
BRDA:63,6,1,22
BRDA:63,6,2,10
BRF:15
BRH:15
end_of_record
TN:
SF:models/_testCommon.js
FN:8,commonBeforeAll
FN:55,commonBeforeEach
FN:59,commonAfterEach
FN:63,commonAfterAll
FNF:4
FNH:4
FNDA:3,commonBeforeAll
FNDA:48,commonBeforeEach
FNDA:48,commonAfterEach
FNDA:3,commonAfterAll
DA:1,3
DA:3,3
DA:4,3
DA:6,3
DA:10,3
DA:12,3
DA:14,3
DA:20,3
DA:34,3
DA:43,3
DA:44,12
DA:47,3
DA:56,48
DA:60,48
DA:64,3
DA:68,3
LF:16
LH:16
BRF:0
BRH:0
end_of_record
TN:
SF:models/company.js
FN:19,(anonymous_0)
FN:99,(anonymous_1)
FN:123,(anonymous_2)
FN:166,(anonymous_3)
FN:193,(anonymous_4)
FNF:5
FNH:5
FNDA:16,(anonymous_0)
FNDA:10,(anonymous_1)
FNDA:5,(anonymous_2)
FNDA:6,(anonymous_3)
FNDA:4,(anonymous_4)
DA:3,6
DA:4,6
DA:5,6
DA:20,16
DA:26,16
DA:27,1
DA:29,15
DA:47,15
DA:49,15
DA:62,10
DA:64,10
DA:65,1
DA:68,9
DA:69,9
DA:71,9
DA:72,4
DA:73,4
DA:75,9
DA:76,3
DA:77,3
DA:79,9
DA:80,3
DA:81,3
DA:84,9
DA:85,9
DA:86,6
DA:89,9
DA:101,10
DA:103,9
DA:112,8
DA:124,5
DA:134,5
DA:136,5
DA:138,3
DA:149,3
DA:151,3
DA:167,6
DA:173,5
DA:175,5
DA:180,5
DA:181,5
DA:183,5
DA:185,3
DA:194,4
DA:200,4
DA:202,4
DA:207,6
LF:47
LH:47
BRDA:26,0,0,1
BRDA:26,0,1,15
BRDA:64,1,0,1
BRDA:64,1,1,9
BRDA:71,2,0,4
BRDA:71,2,1,5
BRDA:75,3,0,3
BRDA:75,3,1,6
BRDA:79,4,0,3
BRDA:79,4,1,6
BRDA:85,5,0,6
BRDA:85,5,1,3
BRDA:99,6,0,1
BRDA:136,7,0,2
BRDA:136,7,1,3
BRDA:183,8,0,2
BRDA:183,8,1,3
BRDA:202,9,0,2
BRDA:202,9,1,2
BRF:19
BRH:19
end_of_record
TN:
SF:models/job.js
FN:17,(anonymous_0)
FN:75,(anonymous_1)
FN:100,(anonymous_2)
FN:143,(anonymous_3)
FN:171,(anonymous_4)
FNF:5
FNH:5
FNDA:18,(anonymous_0)
FNDA:9,(anonymous_1)
FNDA:4,(anonymous_2)
FNDA:5,(anonymous_3)
FNDA:4,(anonymous_4)
DA:3,6
DA:4,6
DA:5,6
DA:18,18
DA:27,18
DA:29,18
DA:43,9
DA:45,9
DA:46,9
DA:48,9
DA:49,3
DA:50,3
DA:52,9
DA:53,4
DA:54,4
DA:56,9
DA:57,3
DA:60,9
DA:61,9
DA:62,6
DA:65,9
DA:77,9
DA:79,9
DA:90,9
DA:101,4
DA:111,4
DA:113,4
DA:115,2
DA:126,2
DA:128,2
DA:144,5
DA:147,4
DA:149,4
DA:158,4
DA:159,4
DA:161,4
DA:163,2
DA:172,4
DA:178,4
DA:180,4
DA:184,6
LF:41
LH:41
BRDA:48,0,0,3
BRDA:48,0,1,6
BRDA:52,1,0,4
BRDA:52,1,1,5
BRDA:56,2,0,3
BRDA:56,2,1,6
BRDA:61,3,0,6
BRDA:61,3,1,3
BRDA:75,4,0,1
BRDA:113,5,0,2
BRDA:113,5,1,2
BRDA:161,6,0,2
BRDA:161,6,1,2
BRDA:180,7,0,2
BRDA:180,7,1,2
BRF:15
BRH:15
end_of_record
TN:
SF:models/user.js
FN:24,(anonymous_0)
FN:59,(anonymous_1)
FN:104,(anonymous_2)
FN:126,(anonymous_3)
FN:149,(anonymous_4)
FN:171,(anonymous_5)
FN:204,(anonymous_6)
FN:223,(anonymous_7)
FNF:8
FNH:8
FNDA:7,(anonymous_0)
FNDA:19,(anonymous_1)
FNDA:3,(anonymous_2)
FNDA:5,(anonymous_3)
FNDA:3,(anonymous_4)
FNDA:8,(anonymous_5)
FNDA:5,(anonymous_6)
FNDA:11,(anonymous_7)
DA:3,6
DA:4,6
DA:5,6
DA:10,6
DA:12,6
DA:26,7
DA:38,7
DA:40,7
DA:42,4
DA:43,4
DA:44,3
DA:45,3
DA:49,4
DA:61,19
DA:68,19
DA:69,1
DA:72,18
DA:74,18
DA:94,18
DA:96,18
DA:105,3
DA:115,2
DA:127,5
DA:138,5
DA:140,5
DA:142,3
DA:149,3
DA:151,3
DA:172,8
DA:173,2
DA:176,8
DA:183,7
DA:185,7
DA:193,7
DA:194,7
DA:196,7
DA:198,5
DA:199,5
DA:205,5
DA:212,5
DA:214,5
DA:225,11
DA:231,11
DA:233,11
DA:235,9
DA:241,9
DA:243,9
DA:245,7
DA:255,6
LF:49
LH:49
BRDA:40,0,0,4
BRDA:40,0,1,3
BRDA:43,1,0,3
BRDA:43,1,1,1
BRDA:68,2,0,1
BRDA:68,2,1,18
BRDA:140,3,0,2
BRDA:140,3,1,3
BRDA:172,4,0,2
BRDA:172,4,1,6
BRDA:196,5,0,2
BRDA:196,5,1,5
BRDA:214,6,0,2
BRDA:214,6,1,3
BRDA:233,7,0,2
BRDA:233,7,1,9
BRDA:243,8,0,2
BRDA:243,8,1,7
BRF:18
BRH:18
end_of_record
TN:
SF:routes/_testCommon.js
FN:11,commonBeforeAll
FN:99,commonBeforeEach
FN:103,commonAfterEach
FN:107,commonAfterAll
FNF:4
FNH:4
FNDA:4,commonBeforeAll
FNDA:81,commonBeforeEach
FNDA:81,commonAfterEach
FNDA:4,commonAfterAll
DA:3,4
DA:4,4
DA:5,4
DA:6,4
DA:7,4
DA:9,4
DA:13,4
DA:15,4
DA:17,4
DA:25,4
DA:33,4
DA:42,4
DA:50,4
DA:58,4
DA:67,4
DA:73,4
DA:79,4
DA:85,4
DA:91,4
DA:92,4
DA:93,4
DA:94,4
DA:96,4
DA:100,81
DA:104,81
DA:108,4
DA:112,4
DA:113,4
DA:114,4
DA:117,4
LF:30
LH:30
BRF:0
BRH:0
end_of_record
TN:
SF:routes/auth.js
FN:22,(anonymous_0)
FN:29,(anonymous_1)
FN:49,(anonymous_2)
FN:56,(anonymous_3)
FNF:4
FNH:4
FNDA:5,(anonymous_0)
FNDA:2,(anonymous_1)
FNDA:3,(anonymous_2)
FNDA:5,(anonymous_3)
DA:5,5
DA:7,5
DA:8,5
DA:9,5
DA:10,5
DA:11,5
DA:12,5
DA:13,5
DA:22,5
DA:23,5
DA:28,5
DA:29,2
DA:30,2
DA:33,3
DA:34,3
DA:35,1
DA:36,1
DA:49,5
DA:50,3
DA:55,3
DA:56,5
DA:57,2
DA:60,1
DA:61,1
DA:62,1
DA:66,5
LF:26
LH:26
BRDA:28,0,0,2
BRDA:28,0,1,3
BRDA:55,1,0,2
BRDA:55,1,1,1
BRF:4
BRH:4
end_of_record
TN:
SF:routes/companies.js
FN:28,(anonymous_0)
FN:35,(anonymous_1)
FN:54,(anonymous_2)
FN:70,(anonymous_3)
FN:85,(anonymous_4)
FN:101,(anonymous_5)
FN:108,(anonymous_6)
FN:121,(anonymous_7)
FNF:8
FNH:8
FNDA:3,(anonymous_0)
FNDA:3,(anonymous_1)
FNDA:5,(anonymous_2)
FNDA:1,(anonymous_3)
FNDA:3,(anonymous_4)
FNDA:4,(anonymous_5)
FNDA:2,(anonymous_6)
FNDA:2,(anonymous_7)
DA:5,5
DA:6,5
DA:8,5
DA:9,5
DA:10,5
DA:12,5
DA:13,5
DA:14,5
DA:16,5
DA:28,5
DA:29,3
DA:34,3
DA:35,3
DA:36,2
DA:39,1
DA:40,1
DA:54,5
DA:55,5
DA:57,5
DA:58,1
DA:60,5
DA:61,1
DA:64,5
DA:69,5
DA:70,1
DA:71,1
DA:73,4
DA:74,3
DA:85,5
DA:86,3
DA:87,2
DA:101,5
DA:102,4
DA:107,4
DA:108,2
DA:109,2
DA:112,2
DA:113,1
DA:121,5
DA:122,2
DA:123,1
DA:127,5
LF:42
LH:42
BRDA:34,0,0,2
BRDA:34,0,1,1
BRDA:57,1,0,1
BRDA:57,1,1,4
BRDA:60,2,0,1
BRDA:60,2,1,4
BRDA:69,3,0,1
BRDA:69,3,1,4
BRDA:107,4,0,2
BRDA:107,4,1,2
BRF:10
BRH:10
end_of_record
TN:
SF:routes/jobs.js
FN:27,(anonymous_0)
FN:34,(anonymous_1)
FN:53,(anonymous_2)
FN:69,(anonymous_3)
FN:84,(anonymous_4)
FN:100,(anonymous_5)
FN:107,(anonymous_6)
FN:120,(anonymous_7)
FNF:8
FNH:8
FNDA:3,(anonymous_0)
FNDA:3,(anonymous_1)
FNDA:4,(anonymous_2)
FNDA:1,(anonymous_3)
FNDA:2,(anonymous_4)
FNDA:4,(anonymous_5)
FNDA:2,(anonymous_6)
FNDA:2,(anonymous_7)
DA:5,5
DA:6,5
DA:8,5
DA:9,5
DA:10,5
DA:12,5
DA:13,5
DA:14,5
DA:16,5
DA:27,5
DA:28,3
DA:33,3
DA:34,3
DA:35,2
DA:38,1
DA:39,1
DA:53,5
DA:54,4
DA:56,4
DA:57,2
DA:59,4
DA:60,1
DA:63,4
DA:68,4
DA:69,1
DA:70,1
DA:72,3
DA:73,3
DA:84,5
DA:85,2
DA:86,1
DA:100,5
DA:101,4
DA:106,4
DA:107,2
DA:108,2
DA:111,2
DA:112,1
DA:120,5
DA:121,2
DA:122,1
DA:126,5
LF:42
LH:42
BRDA:33,0,0,2
BRDA:33,0,1,1
BRDA:56,1,0,2
BRDA:56,1,1,2
BRDA:59,2,0,1
BRDA:59,2,1,3
BRDA:68,3,0,1
BRDA:68,3,1,3
BRDA:106,4,0,2
BRDA:106,4,1,2
BRF:10
BRH:10
end_of_record
TN:
SF:routes/users.js
FN:30,(anonymous_0)
FN:37,(anonymous_1)
FN:54,(anonymous_2)
FN:67,(anonymous_3)
FN:83,(anonymous_4)
FN:90,(anonymous_5)
FN:104,(anonymous_6)
FN:116,(anonymous_7)
FNF:8
FNH:8
FNDA:4,(anonymous_0)
FNDA:5,(anonymous_1)
FNDA:2,(anonymous_2)
FNDA:3,(anonymous_3)
FNDA:5,(anonymous_4)
FNDA:1,(anonymous_5)
FNDA:3,(anonymous_6)
FNDA:4,(anonymous_7)
DA:5,5
DA:7,5
DA:8,5
DA:9,5
DA:10,5
DA:11,5
DA:12,5
DA:13,5
DA:15,5
DA:30,5
DA:31,4
DA:36,4
DA:37,5
DA:38,2
DA:41,2
DA:42,2
DA:43,2
DA:54,5
DA:55,2
DA:56,1
DA:67,5
DA:68,3
DA:69,2
DA:83,5
DA:84,5
DA:89,5
DA:90,1
DA:91,1
DA:94,4
DA:95,3
DA:104,5
DA:105,3
DA:106,2
DA:116,5
DA:117,4
DA:118,4
DA:119,4
DA:120,2
DA:124,5
LF:39
LH:39
BRDA:36,0,0,2
BRDA:36,0,1,2
BRDA:89,1,0,1
BRDA:89,1,1,4
BRF:4
BRH:4
end_of_record
